# IPython log file

%logstart -o -r -t IntroSeaBorn.log
%logstate
pip3 install seaborn
pip install seaborn
import seaborn as sns
import matplotlib.pyplot as plt
penguins = sns.load_dataset ("penguins")
import pandas as  pd
#penguins = pd.read_csv("/Users/imonish8/Downloads/penguins.csv")
f, axs = plt.subplots(1, 2, figsize=(8, 4), gridspec_kw=dict(width_ratios=[4, 3]))
sns.scatterplot(data=penguins, x="flipper_length_mm", y="bill_length_mm", hue="species",
ax=axs[0])
sns.histplot(data=penguins, x="species", hue="species", shrink=.8, alpha=.8, legend=False, ax=axs[1])
f.tight_layout()
import matplotlib.pyplot as plt
import seaborn as sns
tips = sns.load_dataset("tips")
(
sns.barplot(
data=tips, x="day", y="tip",
estimator="mean", errorbar=None,
)
.set(title="Daily Tips ($)")
)
plt.show()
#using matplotlib
import matplotlib.pyplot as plt
import pandas as pd
tips = pd.read_csv("/Users/imonish8/Downloads/tips.csv")
average_daily_tip = (
tips
.groupby("day")["tip"]
 .mean()
)
days = ["Thur", "Fri", "Sat", "Sun"]
daily_averages = [
average_daily_tip["Thur"],
average_daily_tip["Fri"],
average_daily_tip["Sat"],
average_daily_tip["Sun"],
]
fig, ax = plt.subplots()
plt.bar(x=days, height=daily_averages)
ax.set_xlabel("day")
ax.set_ylabel("tip")
ax.set_title("Daily Tips ($)")
plt.show()
(
    sns.scatterplot(data="/Users/imonish8/Downloads/Border_Crossing_Entry_Data.csv ", x ='min_temp', y ='max_temp')
    .set(title="Minimum and MAXIMUM Temperature", xlabel="Minimum Temperature", ylabel = "Max Temperature")
)
plt.show()
import pandas as pd
student= pd.read_csv("/Users/imonish8/Downloads/StudentPerformanceFactors.csv")

(
    #sns.scatterplot(data=student, x ='Sleep_Hours', y ='Exam_Score')
    sns.kdeplot(data=student, x ='Exam_Score', y ='Family_Income', color="blue")
    #.set(title="STUDENT", xlabel="SLEEP HRS", ylabel = "EXAM SCORE")
    .set(title="STUDENT", xlabel="EXAM SCORE", ylabel = "FAMILY INCOME")
)

plt.show()
import pandas as pd
student= pd.read_csv("/Users/imonish8/Downloads/StudentPerformanceFactors.csv")

(
    
    sns.scatterplot(data=student, x ='Sleep_Hours', y ='Exam_Score')
    #sns.kdeplot(data=student, x ='Exam_Score', y ='Family_Income', color="blue")
    .set(title="STUDENT", xlabel="SLEEP HRS", ylabel = "EXAM SCORE")
    #.set(title="STUDENT", xlabel="EXAM SCORE", ylabel = "FAMILY INCOME")
)

plt.show()
(
    #sns.scatterplot(data=student, x ='Sleep_Hours', y ='Exam_Score')
    sns.kdeplot(data=student, x ='Exam_Score', y ='Physical_Activity', color="blue")
    (sns.rugplot(data=student, x ='Exam_Score', y ='Physical_Activity', color="blue") ) 
    #.set(title="STUDENT", xlabel="SLEEP HRS", ylabel = "EXAM SCORE")
    .set(title="STUDENT", xlabel="EXAM SCORE", ylabel = "Physical Activity")
)

plt.show()
(
    #sns.scatterplot(data=student, x ='Sleep_Hours', y ='Exam_Score')
    sns.kdeplot(data=student, x ='Exam_Score', y ='Physical_Activity', color="blue")
    (sns.rugplot(data=student, x ='Exam_Score', y ='Physical_Activity', color="black") ) 
    #.set(title="STUDENT", xlabel="SLEEP HRS", ylabel = "EXAM SCORE")
    .set(title="STUDENT", xlabel="EXAM SCORE", ylabel = "Physical Activity")
)

plt.show()
%logstop
%logstate
# Wed, 16 Oct 2024 12:31:53
import mysql.connector
conn = mysql.connector.connect(host='localhost', user='root', password='root', database='MASTERCHEF')
print("Connected to database")# Wed, 16 Oct 2024 12:32:06
pip install mysql-connector# Wed, 16 Oct 2024 12:32:10
import mysql.connector
conn = mysql.connector.connect(host='localhost', user='root', password='root', database='MASTERCHEF')
print("Connected to database")# Wed, 16 Oct 2024 12:38:53
pip uninstall mysql-connector# Wed, 16 Oct 2024 12:43:29
import mysql-connector# Wed, 16 Oct 2024 12:46:46
import mysql.connector# Wed, 16 Oct 2024 13:04:59
import mysql-connector# Wed, 16 Oct 2024 14:12:01
%logstate# Wed, 16 Oct 2024 14:12:09
%logstop