# IPython log file

# Wed, 16 Oct 2024 10:13:07
%logstate# Wed, 16 Oct 2024 10:16:48
pip3 install seaborn# Wed, 16 Oct 2024 10:17:50
pip install seaborn# Wed, 16 Oct 2024 10:18:15
import seaborn as sns# Wed, 16 Oct 2024 10:27:10
import matplotlib.pyplot as plt
penguins = sns.load_dataset ("penguins")
import pandas as  pd
#penguins = pd.read_csv("/Users/imonish8/Downloads/penguins.csv")
f, axs = plt.subplots(1, 2, figsize=(8, 4), gridspec_kw=dict(width_ratios=[4, 3]))
sns.scatterplot(data=penguins, x="flipper_length_mm", y="bill_length_mm", hue="species",
ax=axs[0])
sns.histplot(data=penguins, x="species", hue="species", shrink=.8, alpha=.8, legend=False, ax=axs[1])
f.tight_layout()# Wed, 16 Oct 2024 10:38:07
import matplotlib.pyplot as plt
import seaborn as sns
tips = sns.load_dataset("tips")
(
sns.barplot(
data=tips, x="day", y="tip",
estimator="mean", errorbar=None,
)
.set(title="Daily Tips ($)")
)
plt.show()# Wed, 16 Oct 2024 10:39:11
#using matplotlib
import matplotlib.pyplot as plt
import pandas as pd
tips = pd.read_csv("/Users/imonish8/Downloads/tips.csv")
average_daily_tip = (
tips
.groupby("day")["tip"]
 .mean()
)
days = ["Thur", "Fri", "Sat", "Sun"]
daily_averages = [
average_daily_tip["Thur"],
average_daily_tip["Fri"],
average_daily_tip["Sat"],
average_daily_tip["Sun"],
]
fig, ax = plt.subplots()
plt.bar(x=days, height=daily_averages)
ax.set_xlabel("day")
ax.set_ylabel("tip")
ax.set_title("Daily Tips ($)")
plt.show()# Wed, 16 Oct 2024 10:56:20
(
    sns.scatterplot(data="/Users/imonish8/Downloads/Border_Crossing_Entry_Data.csv ", x ='min_temp', y ='max_temp')
    .set(title="Minimum and MAXIMUM Temperature", xlabel="Minimum Temperature", ylabel = "Max Temperature")
)
plt.show()# Wed, 16 Oct 2024 11:39:40
import pandas as pd
student= pd.read_csv("/Users/imonish8/Downloads/StudentPerformanceFactors.csv")

(
    #sns.scatterplot(data=student, x ='Sleep_Hours', y ='Exam_Score')
    sns.kdeplot(data=student, x ='Exam_Score', y ='Family_Income', color="blue")
    #.set(title="STUDENT", xlabel="SLEEP HRS", ylabel = "EXAM SCORE")
    .set(title="STUDENT", xlabel="EXAM SCORE", ylabel = "FAMILY INCOME")
)

plt.show()# Wed, 16 Oct 2024 11:40:22
import pandas as pd
student= pd.read_csv("/Users/imonish8/Downloads/StudentPerformanceFactors.csv")

(
    
    sns.scatterplot(data=student, x ='Sleep_Hours', y ='Exam_Score')
    #sns.kdeplot(data=student, x ='Exam_Score', y ='Family_Income', color="blue")
    .set(title="STUDENT", xlabel="SLEEP HRS", ylabel = "EXAM SCORE")
    #.set(title="STUDENT", xlabel="EXAM SCORE", ylabel = "FAMILY INCOME")
)

plt.show()# Wed, 16 Oct 2024 11:46:55
(
    #sns.scatterplot(data=student, x ='Sleep_Hours', y ='Exam_Score')
    sns.kdeplot(data=student, x ='Exam_Score', y ='Physical_Activity', color="blue")
    (sns.rugplot(data=student, x ='Exam_Score', y ='Physical_Activity', color="blue") ) 
    #.set(title="STUDENT", xlabel="SLEEP HRS", ylabel = "EXAM SCORE")
    .set(title="STUDENT", xlabel="EXAM SCORE", ylabel = "Physical Activity")
)

plt.show()# Wed, 16 Oct 2024 11:47:42
(
    #sns.scatterplot(data=student, x ='Sleep_Hours', y ='Exam_Score')
    sns.kdeplot(data=student, x ='Exam_Score', y ='Physical_Activity', color="blue")
    (sns.rugplot(data=student, x ='Exam_Score', y ='Physical_Activity', color="black") ) 
    #.set(title="STUDENT", xlabel="SLEEP HRS", ylabel = "EXAM SCORE")
    .set(title="STUDENT", xlabel="EXAM SCORE", ylabel = "Physical Activity")
)

plt.show()# Wed, 16 Oct 2024 12:31:12
%logstop